Start testing: May 14 16:43 대한민국 표준시
----------------------------------------------------------
17/17 Testing: GildedRoseTest.SulfurasNeverChanges
17/17 Test: GildedRoseTest.SulfurasNeverChanges
Command: "C:/DEV/GildedRose_08/build/gilded_rose_test.exe" "--gtest_filter=GildedRoseTest.SulfurasNeverChanges" "--gtest_also_run_disabled_tests"
Directory: C:/DEV/GildedRose_08/build
"GildedRoseTest.SulfurasNeverChanges" start time: May 14 16:43 대한민국 표준시
Output:
----------------------------------------------------------
Running main() from C:\DEV\GildedRose_08\build\_deps\googletest-src\googletest\src\gtest_main.cc
Note: Google Test filter = GildedRoseTest.SulfurasNeverChanges
[==========] Running 1 test from 1 test suite.
[----------] Global test environment set-up.
[----------] 1 test from GildedRoseTest
[ RUN      ] GildedRoseTest.SulfurasNeverChanges
[       OK ] GildedRoseTest.SulfurasNeverChanges (0 ms)
[----------] 1 test from GildedRoseTest (0 ms total)

[----------] Global test environment tear-down
[==========] 1 test from 1 test suite ran. (0 ms total)
[  PASSED  ] 1 test.
<end of output>
Test time =   0.47 sec
----------------------------------------------------------
Test Passed.
"GildedRoseTest.SulfurasNeverChanges" end time: May 14 16:43 대한민국 표준시
"GildedRoseTest.SulfurasNeverChanges" time elapsed: 00:00:00
----------------------------------------------------------

End testing: May 14 16:43 대한민국 표준시
