<?xml version="1.0" encoding="UTF-8"?>
<Site BuildName="(empty)"
	BuildStamp="20260513-0639-Experimental"
	Name="(empty)"
	Generator="ctest-4.3.1"
	CompilerName=""
	CompilerVersion=""
	OSName="Windows"
	Hostname="SJ-BookPro2"
	OSRelease="10.0.26200"
	OSVersion="Windows 10"
	OSPlatform="AMD64"
	Is64Bits="1"
	VendorString=""
	VendorID="Unknown Manufacturer"
	FamilyID="0"
	ModelID="0"
	ModelName=""
	ProcessorCacheSize="0"
	NumberOfLogicalCPU="16"
	NumberOfPhysicalCPU="12"
	TotalVirtualMemory="2048"
	TotalPhysicalMemory="32394"
	LogicalProcessorsPerPhysical="1"
	ProcessorClockFrequency="2100.000000"
	>
	<Testing>
		<StartDateTime>May 13 16:06 [NON-UTF-8-BYTE-0xB4][NON-UTF-8-BYTE-0xEB][NON-UTF-8-BYTE-0xC7]ѹα[NON-UTF-8-BYTE-0xB9] ǥ[NON-UTF-8-BYTE-0xC1]ؽ[NON-UTF-8-BYTE-0xC3]</StartDateTime>
		<StartTestTime>1778655962</StartTestTime>
		<TestList>
			<Test>./GildedRoseTest.Foo</Test>
		</TestList>
		<Test Status="passed">
			<Name>GildedRoseTest.Foo</Name>
			<Path>.</Path>
			<FullName>./GildedRoseTest.Foo</FullName>
			<FullCommandLine>C:\DEV\GildedRose_08\build\gilded_rose_test.exe "--gtest_filter=GildedRoseTest.Foo" "--gtest_also_run_disabled_tests"</FullCommandLine>
			<StartTestTime>1778655962.379718</StartTestTime>
			<Results>
				<NamedMeasurement type="numeric/double" name="Execution Time">
					<Value>0.534559</Value>
				</NamedMeasurement>
				<NamedMeasurement type="numeric/double" name="Processors">
					<Value>1</Value>
				</NamedMeasurement>
				<NamedMeasurement type="text/string" name="Completion Status">
					<Value>Completed</Value>
				</NamedMeasurement>
				<NamedMeasurement type="text/string" name="Command Line">
					<Value>C:\DEV\GildedRose_08\build\gilded_rose_test.exe "--gtest_filter=GildedRoseTest.Foo" "--gtest_also_run_disabled_tests"</Value>
				</NamedMeasurement>
				<NamedMeasurement type="text/string" name="Environment">
					<Value>#CTEST_RESOURCE_GROUP_COUNT=</Value>
				</NamedMeasurement>
				<Measurement>
					<Value encoding="base64" compression="gzip">eJyNUMFuwjAMvecrfKSHVuyGkDhMA3qYBFPZdmmqKrSmipTGKHG331/TIkYnJuGTnffi956zzlptG2iVtrMITo5aeFnK9eZTptrUWGfksZwv5LHrR1nWePayIWoMMnqOvatuRjmMoSvDwqSqxI4Yl5AOFHjvEThpw+hgBb8C4T3ZEol8da0Csou3J+DhX/B26X2nGRORx9cqIDV0VGbE0X5pR7ZF23OR4+78h3y7c+pD5JB97GCo4q7HEYP9610cZnNoffSo3EgHJlYmEo8lYlQurunbTu/1353AKZtMdfoMb8+Hw2YdMo7cRPwAYCqoGA==</Value>
				</Measurement>
			</Results>
		</Test>
		<EndDateTime>May 13 16:06 [NON-UTF-8-BYTE-0xB4][NON-UTF-8-BYTE-0xEB][NON-UTF-8-BYTE-0xC7]ѹα[NON-UTF-8-BYTE-0xB9] ǥ[NON-UTF-8-BYTE-0xC1]ؽ[NON-UTF-8-BYTE-0xC3]</EndDateTime>
		<EndTestTime>1778655962</EndTestTime>
		<ElapsedMinutes>0</ElapsedMinutes>
	</Testing>
</Site>
